  bloom.cpp
c:\users\grabs\google drive\2018\spring\csci376\assignments\376-ass3\part 3\part 3\bloom.cpp(152): warning C4244: '=': conversion from 'double' to 'float', possible loss of data
bloom.obj : error LNK2019: unresolved external symbol clGetPlatformIDs referenced in function "struct _cl_device_id * __cdecl create_device(void)" (?create_device@@YAPEAU_cl_device_id@@XZ)
bloom.obj : error LNK2019: unresolved external symbol clGetDeviceIDs referenced in function "struct _cl_device_id * __cdecl create_device(void)" (?create_device@@YAPEAU_cl_device_id@@XZ)
bloom.obj : error LNK2019: unresolved external symbol clGetDeviceInfo referenced in function main
bloom.obj : error LNK2019: unresolved external symbol clCreateContext referenced in function main
bloom.obj : error LNK2019: unresolved external symbol clReleaseContext referenced in function main
bloom.obj : error LNK2019: unresolved external symbol clReleaseCommandQueue referenced in function main
bloom.obj : error LNK2019: unresolved external symbol clCreateBuffer referenced in function main
bloom.obj : error LNK2019: unresolved external symbol clReleaseMemObject referenced in function main
bloom.obj : error LNK2019: unresolved external symbol clCreateProgramWithSource referenced in function "struct _cl_program * __cdecl build_program(struct _cl_context *,struct _cl_device_id *,char const *)" (?build_program@@YAPEAU_cl_program@@PEAU_cl_context@@PEAU_cl_device_id@@PEBD@Z)
bloom.obj : error LNK2019: unresolved external symbol clReleaseProgram referenced in function main
bloom.obj : error LNK2019: unresolved external symbol clBuildProgram referenced in function "struct _cl_program * __cdecl build_program(struct _cl_context *,struct _cl_device_id *,char const *)" (?build_program@@YAPEAU_cl_program@@PEAU_cl_context@@PEAU_cl_device_id@@PEBD@Z)
bloom.obj : error LNK2019: unresolved external symbol clGetProgramBuildInfo referenced in function "struct _cl_program * __cdecl build_program(struct _cl_context *,struct _cl_device_id *,char const *)" (?build_program@@YAPEAU_cl_program@@PEAU_cl_context@@PEAU_cl_device_id@@PEBD@Z)
bloom.obj : error LNK2019: unresolved external symbol clCreateKernel referenced in function main
bloom.obj : error LNK2019: unresolved external symbol clReleaseKernel referenced in function main
bloom.obj : error LNK2019: unresolved external symbol clSetKernelArg referenced in function main
bloom.obj : error LNK2019: unresolved external symbol clEnqueueReadBuffer referenced in function main
bloom.obj : error LNK2019: unresolved external symbol clEnqueueReadImage referenced in function main
bloom.obj : error LNK2019: unresolved external symbol clEnqueueNDRangeKernel referenced in function main
bloom.obj : error LNK2019: unresolved external symbol clCreateImage2D referenced in function main
bloom.obj : error LNK2019: unresolved external symbol clCreateCommandQueue referenced in function main
C:\Program Files (x86)\AMD APP SDK\3.0\lib\x86\OpenCL.lib : warning LNK4272: library machine type 'x86' conflicts with target machine type 'x64'
C:\Users\grabs\Google Drive\2018\Spring\CSCI376\Assignments\376-ass3\Part 3\x64\Debug\Part 3.exe : fatal error LNK1120: 20 unresolved externals
